<?xml version="1.0" encoding="UTF-8"?>
<!-- Generated by org.testng.reporters.JUnitReportReporter -->
<testsuite skipped="0" hostname="LAPTOP-EPMHA2ST" name="Bus.Bus_Oneway_009_Test" tests="1" failures="0" timestamp="2023-01-25T12:10:06 IST" time="19.205" errors="0">
  <testcase name="oneWaySystemTesting" time="19.205" classname="Bus.Bus_Oneway_009_Test"/>
  <system-out>
Data Entered Successfully in fromTextField in homePage Data Entered Successfully in toTextField in homePage Landed Succesfully to the Bus Result Page of the application clicked on the view seats button  </system-out>
</testsuite> <!-- Bus.Bus_Oneway_009_Test -->
