<?xml version="1.0" encoding="UTF-8"?>
<!-- Generated by org.testng.reporters.JUnitReportReporter -->
<testsuite skipped="0" hostname="LAPTOP-EPMHA2ST" name="Bus.Bus_Confirmation_008_Test" tests="1" failures="0" timestamp="2023-01-25T11:16:38 IST" time="30.836" errors="0">
  <testcase name="oneWayFromTextField" time="30.836" classname="Bus.Bus_Confirmation_008_Test"/>
  <system-out>
Data Entered Successfully in fromTextField in homePage Data Entered Successfully in toTextField in homePage Landed Succesfully to the Bus Result Page of the application Selected the boarding point firstname entered correctly Age entered correctly phoneNumber entered correctly Email entered correctly Clicked on Proceed button clicked on confirm button clicked on pay now button, Error message displayed  </system-out>
</testsuite> <!-- Bus.Bus_Confirmation_008_Test -->
