<?xml version="1.0" encoding="UTF-8"?>
<!-- Generated by org.testng.reporters.JUnitReportReporter -->
<testsuite skipped="0" hostname="LAPTOP-EPMHA2ST" name="Bus.Bus_Oneway_006_Test" tests="1" failures="0" timestamp="2023-01-25T12:10:06 IST" time="14.705" errors="0">
  <testcase name="searchButton" time="14.705" classname="Bus.Bus_Oneway_006_Test"/>
  <system-out>
No Source Specified Error message is displayed  </system-out>
</testsuite> <!-- Bus.Bus_Oneway_006_Test -->
