<?xml version="1.0" encoding="UTF-8"?>
<!-- Generated by org.testng.reporters.JUnitReportReporter -->
<testsuite skipped="0" hostname="LAPTOP-EPMHA2ST" name="Bus.Bus_Oneway_005_Test$Bus_Oneway_004Test" tests="1" failures="0" timestamp="2023-01-25T12:10:06 IST" time="11.127" errors="0">
  <testcase name="searchFlights" time="11.127" classname="Bus.Bus_Oneway_005_Test$Bus_Oneway_004Test"/>
  <system-out/>
</testsuite> <!-- Bus.Bus_Oneway_005_Test$Bus_Oneway_004Test -->
