<?xml version="1.0" encoding="UTF-8"?>
<!-- Generated by org.testng.reporters.JUnitReportReporter -->
<testsuite skipped="0" hostname="LAPTOP-EPMHA2ST" name="Bus.Bus_Oneway_002_Test" tests="1" failures="0" timestamp="2023-01-25T12:10:06 IST" time="10.420" errors="0">
  <testcase name="negativeFromTextField" time="10.420" classname="Bus.Bus_Oneway_002_Test"/>
  <system-out>
Data Entered Successfully in fromTextField in homePage No Source Specified Error message is displayed  </system-out>
</testsuite> <!-- Bus.Bus_Oneway_002_Test -->
