<?xml version="1.0" encoding="UTF-8"?>
<!-- Generated by org.testng.reporters.JUnitReportReporter -->
<testsuite skipped="0" hostname="LAPTOP-EPMHA2ST" name="Bus.Bus_Oneway_001_Test" tests="1" failures="0" timestamp="2023-01-25T12:10:06 IST" time="16.074" errors="0">
  <testcase name="oneWayFromTextField" time="16.074" classname="Bus.Bus_Oneway_001_Test"/>
  <system-out>
Data Entered Successfully in fromTextField in homePage  </system-out>
</testsuite> <!-- Bus.Bus_Oneway_001_Test -->
