<?xml version="1.0" encoding="UTF-8"?>
<!-- Generated by org.testng.reporters.JUnitReportReporter -->
<testsuite skipped="0" hostname="LAPTOP-EPMHA2ST" name="Bus.Bus_Oneway005Test$Bus_Oneway_004Test" tests="4" failures="0" timestamp="2023-01-24T16:48:50 IST" time="79.864" errors="0">
  <testcase name="searchFlights" time="24.313" classname="Bus.Bus_Oneway005Test$Bus_Oneway_004Test"/>
  <system-out/>
  <testcase name="searchFlights" time="13.864" classname="Bus.Bus_Oneway005Test$Bus_Oneway_004Test"/>
  <system-out/>
  <testcase name="searchFlights" time="16.485" classname="Bus.Bus_Oneway005Test$Bus_Oneway_004Test"/>
  <system-out/>
  <testcase name="searchFlights" time="25.202" classname="Bus.Bus_Oneway005Test$Bus_Oneway_004Test"/>
  <system-out/>
</testsuite> <!-- Bus.Bus_Oneway005Test$Bus_Oneway_004Test -->
