<?xml version="1.0" encoding="UTF-8"?>
<!-- Generated by org.testng.reporters.JUnitReportReporter -->
<testsuite skipped="0" hostname="LAPTOP-EPMHA2ST" name="Bus.Bus_Oneway_001_Test" tests="4" failures="0" timestamp="2023-01-24T14:38:23 IST" time="51.903" errors="0">
  <testcase name="oneWayFromTextField" time="9.382" classname="Bus.Bus_Oneway_001_Test"/>
  <system-out>
Data Entered Successfully in fromTextField in homePage  </system-out>
  <testcase name="oneWayFromTextField" time="13.788" classname="Bus.Bus_Oneway_001_Test"/>
  <system-out>
Data Entered Successfully in fromTextField in homePage  </system-out>
  <testcase name="oneWayFromTextField" time="18.760" classname="Bus.Bus_Oneway_001_Test"/>
  <system-out>
Data Entered Successfully in fromTextField in homePage  </system-out>
  <testcase name="oneWayFromTextField" time="9.973" classname="Bus.Bus_Oneway_001_Test"/>
  <system-out>
Data Entered Successfully in fromTextField in homePage  </system-out>
</testsuite> <!-- Bus.Bus_Oneway_001_Test -->
