<?xml version="1.0" encoding="UTF-8"?>
<!-- Generated by org.testng.reporters.JUnitReportReporter -->
<testsuite skipped="0" hostname="LAPTOP-EPMHA2ST" name="Bus.Bus_Oneway_003_Test" tests="4" failures="0" timestamp="2023-01-24T16:09:50 IST" time="75.214" errors="0">
  <testcase name="oneWayToTextField" time="23.148" classname="Bus.Bus_Oneway_003_Test"/>
  <system-out>
Mumbai Data Entered Successfully in toTextField in homePage  </system-out>
  <testcase name="oneWayToTextField" time="18.093" classname="Bus.Bus_Oneway_003_Test"/>
  <system-out>
Mumbai Data Entered Successfully in toTextField in homePage  </system-out>
  <testcase name="oneWayToTextField" time="12.263" classname="Bus.Bus_Oneway_003_Test"/>
  <system-out>
Mumbai Data Entered Successfully in toTextField in homePage  </system-out>
  <testcase name="oneWayToTextField" time="21.710" classname="Bus.Bus_Oneway_003_Test"/>
  <system-out>
Mumbai Data Entered Successfully in toTextField in homePage  </system-out>
</testsuite> <!-- Bus.Bus_Oneway_003_Test -->
