<?xml version="1.0" encoding="UTF-8"?>
<!-- Generated by org.testng.reporters.JUnitReportReporter -->
<testsuite skipped="0" hostname="LAPTOP-EPMHA2ST" name="Bus.Bus_Oneway_004_Test" tests="1" failures="0" timestamp="2023-01-25T11:06:51 IST" time="11.488" errors="0">
  <testcase name="negativeToTextField" time="11.488" classname="Bus.Bus_Oneway_004_Test"/>
  <system-out>
Data entered successfully in fromTextBox Data Entered Successfully in ToTextField No Destination Specified Error message is displayed  </system-out>
</testsuite> <!-- Bus.Bus_Oneway_004_Test -->
