<?xml version="1.0" encoding="UTF-8"?>
<!-- Generated by org.testng.reporters.JUnitReportReporter -->
<testsuite skipped="0" hostname="LAPTOP-EPMHA2ST" name="Bus.Bus_Oneway_003_Test" tests="1" failures="0" timestamp="2023-01-25T11:06:23 IST" time="14.359" errors="0">
  <testcase name="oneWayToTextField" time="14.359" classname="Bus.Bus_Oneway_003_Test"/>
  <system-out>
Mumbai Data Entered Successfully in toTextField in homePage  </system-out>
</testsuite> <!-- Bus.Bus_Oneway_003_Test -->
