<?xml version="1.0" encoding="UTF-8"?>
<!-- Generated by org.testng.reporters.JUnitReportReporter -->
<testsuite skipped="0" hostname="LAPTOP-EPMHA2ST" name="Bus.Bus_Result_007_Test" tests="1" failures="0" timestamp="2023-01-25T11:08:32 IST" time="35.827" errors="0">
  <testcase name="oneWayFromTextField" time="35.827" classname="Bus.Bus_Result_007_Test"/>
  <system-out>
Data Entered Successfully in fromTextField in homePage Data Entered Successfully in toTextField in homePage Landed Succesfully to the Bus Result Page of the application Selected the boarding point Clicked on proceedWithSeats button  </system-out>
</testsuite> <!-- Bus.Bus_Result_007_Test -->
